jh_wificamera/build/intermediates/manifest_merge_blame_file/debug/manifest-merger-blame-debug-report.txt
1<?xml version="1.0" encoding="utf-8"?>
2<manifest xmlns:android="http://schemas.android.com/apk/res/android"
3    package="com.joyhonest.wifination" >
4
5    <uses-sdk
6        android:minSdkVersion="24"
6-->src\main\AndroidManifest.xml
7        android:targetSdkVersion="29" />
7-->src\main\AndroidManifest.xml
8
9    <uses-permission android:name="android.permission.ACCESS_WIFI_STATE" />
9-->src\main\AndroidManifest.xml:3:9-79
9-->src\main\AndroidManifest.xml:3:26-77
10    <uses-permission android:name="android.permission.CHANGE_NETWORK_STATE" />
10-->src\main\AndroidManifest.xml:4:9-83
10-->src\main\AndroidManifest.xml:4:26-80
11    <uses-permission android:name="android.permission.INTERNET" />
11-->src\main\AndroidManifest.xml:5:9-70
11-->src\main\AndroidManifest.xml:5:26-68
12    <uses-permission android:name="android.permission.READ_EXTERNAL_STORAGE" />
12-->src\main\AndroidManifest.xml:7:9-83
12-->src\main\AndroidManifest.xml:7:26-81
13    <uses-permission android:name="android.permission.WRITE_EXTERNAL_STORAGE" />
13-->src\main\AndroidManifest.xml:8:9-84
13-->src\main\AndroidManifest.xml:8:26-82
14
15</manifest>